<?xml version="1.0" encoding="UTF-8"?>
<testsuite xmlns:xsi="http://www.w3.org/2001/XMLSchema-instance" xsi:noNamespaceSchemaLocation="https://maven.apache.org/surefire/maven-failsafe-plugin/xsd/failsafe-test-report.xsd" name="org.myorg.jpatickets.ejbclient.EventMgmtIT" time="0.001" tests="9" errors="0" skipped="9" failures="0">
  <properties>
    <property name="gopherProxySet" value="false"/>
    <property name="awt.toolkit" value="sun.lwawt.macosx.LWCToolkit"/>
    <property name="file.encoding.pkg" value="sun.io"/>
    <property name="java.specification.version" value="1.8"/>
    <property name="sun.cpu.isalist" value=""/>
    <property name="sun.jnu.encoding" value="UTF-8"/>
    <property name="java.class.path" value="/Users/Justin/git/ejava-student/ejb/ejb-jpa/jpatickets-lab/jpatickets-labex/jpatickets-labex-test/target/test-classes:/Users/Justin/git/ejava-student/ejb/ejb-jpa/jpatickets-lab/jpatickets-labex/jpatickets-labex-test/target/jpatickets-labex-test-5.0.0-SNAPSHOT.jar:/Users/Justin/.m2/repository/org/slf4j/slf4j-api/1.7.25/slf4j-api-1.7.25.jar:/Users/Justin/git/ejava-student/ejb/ejb-jpa/jpatickets-lab/jpatickets-labex/jpatickets-labex-ejb/target/jpatickets-labex-ejb-client.jar:/Users/Justin/git/ejava-student/ejb/ejb-jpa/jpatickets-lab/jpatickets-labex/jpatickets-labex-impl/target/jpatickets-labex-impl-5.0.0-SNAPSHOT.jar:/Users/Justin/git/ejava-student/ejb/ejb-jpa/jpatickets-lab/jpatickets-labex/jpatickets-labex-impl/target/jpatickets-labex-impl-5.0.0-SNAPSHOT-tests.jar:/Users/Justin/.m2/repository/junit/junit/4.12/junit-4.12.jar:/Users/Justin/.m2/repository/org/hamcrest/hamcrest-core/1.3/hamcrest-core-1.3.jar:/Users/Justin/.m2/repository/org/slf4j/slf4j-log4j12/1.7.25/slf4j-log4j12-1.7.25.jar:/Users/Justin/.m2/repository/log4j/log4j/1.2.17/log4j-1.2.17.jar:/Users/Justin/.m2/repository/org/jboss/jboss-ejb-client/4.0.10.Final/jboss-ejb-client-4.0.10.Final.jar:/Users/Justin/.m2/repository/org/jboss/logging/jboss-logging/3.3.1.Final/jboss-logging-3.3.1.Final.jar:/Users/Justin/.m2/repository/org/jboss/marshalling/jboss-marshalling/2.0.5.Final/jboss-marshalling-2.0.5.Final.jar:/Users/Justin/.m2/repository/org/jboss/marshalling/jboss-marshalling-river/2.0.5.Final/jboss-marshalling-river-2.0.5.Final.jar:/Users/Justin/.m2/repository/org/jboss/remoting/jboss-remoting/5.0.5.Final/jboss-remoting-5.0.5.Final.jar:/Users/Justin/.m2/repository/org/jboss/spec/javax/transaction/jboss-transaction-api_1.2_spec/1.1.1.Final/jboss-transaction-api_1.2_spec-1.1.1.Final.jar:/Users/Justin/.m2/repository/org/jboss/spec/javax/ejb/jboss-ejb-api_3.2_spec/1.0.1.Final/jboss-ejb-api_3.2_spec-1.0.1.Final.jar:/Users/Justin/.m2/repository/org/jboss/threads/jboss-threads/2.3.2.Final/jboss-threads-2.3.2.Final.jar:/Users/Justin/.m2/repository/org/jboss/xnio/xnio-api/3.6.2.Final/xnio-api-3.6.2.Final.jar:/Users/Justin/.m2/repository/org/jboss/xnio/xnio-nio/3.6.2.Final/xnio-nio-3.6.2.Final.jar:/Users/Justin/.m2/repository/org/wildfly/wildfly-naming-client/1.0.9.Final/wildfly-naming-client-1.0.9.Final.jar:/Users/Justin/.m2/repository/org/wildfly/common/wildfly-common/1.3.1.Final/wildfly-common-1.3.1.Final.jar:/Users/Justin/.m2/repository/org/wildfly/security/wildfly-elytron/1.2.4.Final/wildfly-elytron-1.2.4.Final.jar:/Users/Justin/.m2/repository/org/wildfly/discovery/wildfly-discovery-client/1.0.0.Final/wildfly-discovery-client-1.0.0.Final.jar:/Users/Justin/.m2/repository/org/wildfly/transaction/wildfly-transaction-client/1.1.2.Final/wildfly-transaction-client-1.1.2.Final.jar:/Users/Justin/.m2/repository/org/wildfly/client/wildfly-client-config/1.0.0.Final/wildfly-client-config-1.0.0.Final.jar:/Users/Justin/.m2/repository/org/jboss/spec/javax/resource/jboss-connector-api_1.7_spec/1.0.1.Final/jboss-connector-api_1.7_spec-1.0.1.Final.jar:/Users/Justin/.m2/repository/org/wildfly/wildfly-http-client/wildfly-http-ejb-client/1.0.12.Final/wildfly-http-ejb-client-1.0.12.Final.jar:/Users/Justin/.m2/repository/org/wildfly/wildfly-http-client/wildfly-http-client-common/1.0.12.Final/wildfly-http-client-common-1.0.12.Final.jar:/Users/Justin/.m2/repository/org/wildfly/wildfly-http-client/wildfly-http-naming-client/1.0.12.Final/wildfly-http-naming-client-1.0.12.Final.jar:/Users/Justin/.m2/repository/org/wildfly/wildfly-http-client/wildfly-http-transaction-client/1.0.12.Final/wildfly-http-transaction-client-1.0.12.Final.jar:/Users/Justin/.m2/repository/io/undertow/undertow-core/2.0.3.Final/undertow-core-2.0.3.Final.jar:/Users/Justin/.m2/repository/commons-beanutils/commons-beanutils/1.9.3/commons-beanutils-1.9.3.jar:/Users/Justin/.m2/repository/commons-collections/commons-collections/3.2.2/commons-collections-3.2.2.jar:/Users/Justin/.m2/repository/io/netty/netty-all/4.1.9.Final/netty-all-4.1.9.Final.jar:/Users/Justin/.m2/repository/org/apache/activemq/artemis-commons/1.5.5.jbossorg-012/artemis-commons-1.5.5.jbossorg-012.jar:/Users/Justin/.m2/repository/org/apache/activemq/artemis-core-client/1.5.5.jbossorg-012/artemis-core-client-1.5.5.jbossorg-012.jar:/Users/Justin/.m2/repository/org/apache/activemq/artemis-hqclient-protocol/1.5.5.jbossorg-012/artemis-hqclient-protocol-1.5.5.jbossorg-012.jar:/Users/Justin/.m2/repository/org/apache/activemq/artemis-jms-client/1.5.5/artemis-jms-client-1.5.5.jar:/Users/Justin/.m2/repository/org/apache/activemq/artemis-selector/1.5.5.jbossorg-012/artemis-selector-1.5.5.jbossorg-012.jar:/Users/Justin/.m2/repository/org/glassfish/javax.json/1.1.2/javax.json-1.1.2.jar:/Users/Justin/.m2/repository/javax/json/javax.json-api/1.1.2/javax.json-api-1.1.2.jar:/Users/Justin/.m2/repository/org/jboss/spec/javax/jms/jboss-jms-api_2.0_spec/1.0.2.Final/jboss-jms-api_2.0_spec-1.0.2.Final.jar:/Users/Justin/.m2/repository/org/jgroups/jgroups/4.0.11.Final/jgroups-4.0.11.Final.jar:/Users/Justin/.m2/repository/org/slf4j/jcl-over-slf4j/1.7.22.jbossorg-1/jcl-over-slf4j-1.7.22.jbossorg-1.jar:/Users/Justin/.m2/repository/com/google/guava/guava/25.0-jre/guava-25.0-jre.jar:/Users/Justin/.m2/repository/org/checkerframework/checker-compat-qual/2.0.0/checker-compat-qual-2.0.0.jar:/Users/Justin/.m2/repository/com/google/errorprone/error_prone_annotations/2.1.3/error_prone_annotations-2.1.3.jar:/Users/Justin/.m2/repository/com/google/j2objc/j2objc-annotations/1.1/j2objc-annotations-1.1.jar:/Users/Justin/.m2/repository/org/codehaus/mojo/animal-sniffer-annotations/1.14/animal-sniffer-annotations-1.14.jar:/Users/Justin/.m2/repository/com/h2database/h2/1.4.197/h2-1.4.197.jar:"/>
    <property name="java.vm.vendor" value="Oracle Corporation"/>
    <property name="sun.arch.data.model" value="64"/>
    <property name="java.vendor.url" value="http://java.oracle.com/"/>
    <property name="user.timezone" value=""/>
    <property name="java.vm.specification.version" value="1.8"/>
    <property name="os.name" value="Mac OS X"/>
    <property name="user.country" value="US"/>
    <property name="sun.java.launcher" value="SUN_STANDARD"/>
    <property name="sun.boot.library.path" value="/Library/Java/JavaVirtualMachines/jdk1.8.0_181.jdk/Contents/Home/jre/lib"/>
    <property name="sun.java.command" value="/Users/Justin/git/ejava-student/ejb/ejb-jpa/jpatickets-lab/jpatickets-labex/jpatickets-labex-test/target/surefire/surefirebooter7104392252793945322.jar /Users/Justin/git/ejava-student/ejb/ejb-jpa/jpatickets-lab/jpatickets-labex/jpatickets-labex-test/target/surefire 2018-11-10T20-59-13_432-jvmRun1 surefire6155516308108217565tmp surefire_05504211130255323891tmp"/>
    <property name="http.nonProxyHosts" value="local|*.local|169.254/16|*.169.254/16"/>
    <property name="surefire.test.class.path" value="/Users/Justin/git/ejava-student/ejb/ejb-jpa/jpatickets-lab/jpatickets-labex/jpatickets-labex-test/target/test-classes:/Users/Justin/git/ejava-student/ejb/ejb-jpa/jpatickets-lab/jpatickets-labex/jpatickets-labex-test/target/jpatickets-labex-test-5.0.0-SNAPSHOT.jar:/Users/Justin/.m2/repository/org/slf4j/slf4j-api/1.7.25/slf4j-api-1.7.25.jar:/Users/Justin/git/ejava-student/ejb/ejb-jpa/jpatickets-lab/jpatickets-labex/jpatickets-labex-ejb/target/jpatickets-labex-ejb-client.jar:/Users/Justin/git/ejava-student/ejb/ejb-jpa/jpatickets-lab/jpatickets-labex/jpatickets-labex-impl/target/jpatickets-labex-impl-5.0.0-SNAPSHOT.jar:/Users/Justin/git/ejava-student/ejb/ejb-jpa/jpatickets-lab/jpatickets-labex/jpatickets-labex-impl/target/jpatickets-labex-impl-5.0.0-SNAPSHOT-tests.jar:/Users/Justin/.m2/repository/junit/junit/4.12/junit-4.12.jar:/Users/Justin/.m2/repository/org/hamcrest/hamcrest-core/1.3/hamcrest-core-1.3.jar:/Users/Justin/.m2/repository/org/slf4j/slf4j-log4j12/1.7.25/slf4j-log4j12-1.7.25.jar:/Users/Justin/.m2/repository/log4j/log4j/1.2.17/log4j-1.2.17.jar:/Users/Justin/.m2/repository/org/jboss/jboss-ejb-client/4.0.10.Final/jboss-ejb-client-4.0.10.Final.jar:/Users/Justin/.m2/repository/org/jboss/logging/jboss-logging/3.3.1.Final/jboss-logging-3.3.1.Final.jar:/Users/Justin/.m2/repository/org/jboss/marshalling/jboss-marshalling/2.0.5.Final/jboss-marshalling-2.0.5.Final.jar:/Users/Justin/.m2/repository/org/jboss/marshalling/jboss-marshalling-river/2.0.5.Final/jboss-marshalling-river-2.0.5.Final.jar:/Users/Justin/.m2/repository/org/jboss/remoting/jboss-remoting/5.0.5.Final/jboss-remoting-5.0.5.Final.jar:/Users/Justin/.m2/repository/org/jboss/spec/javax/transaction/jboss-transaction-api_1.2_spec/1.1.1.Final/jboss-transaction-api_1.2_spec-1.1.1.Final.jar:/Users/Justin/.m2/repository/org/jboss/spec/javax/ejb/jboss-ejb-api_3.2_spec/1.0.1.Final/jboss-ejb-api_3.2_spec-1.0.1.Final.jar:/Users/Justin/.m2/repository/org/jboss/threads/jboss-threads/2.3.2.Final/jboss-threads-2.3.2.Final.jar:/Users/Justin/.m2/repository/org/jboss/xnio/xnio-api/3.6.2.Final/xnio-api-3.6.2.Final.jar:/Users/Justin/.m2/repository/org/jboss/xnio/xnio-nio/3.6.2.Final/xnio-nio-3.6.2.Final.jar:/Users/Justin/.m2/repository/org/wildfly/wildfly-naming-client/1.0.9.Final/wildfly-naming-client-1.0.9.Final.jar:/Users/Justin/.m2/repository/org/wildfly/common/wildfly-common/1.3.1.Final/wildfly-common-1.3.1.Final.jar:/Users/Justin/.m2/repository/org/wildfly/security/wildfly-elytron/1.2.4.Final/wildfly-elytron-1.2.4.Final.jar:/Users/Justin/.m2/repository/org/wildfly/discovery/wildfly-discovery-client/1.0.0.Final/wildfly-discovery-client-1.0.0.Final.jar:/Users/Justin/.m2/repository/org/wildfly/transaction/wildfly-transaction-client/1.1.2.Final/wildfly-transaction-client-1.1.2.Final.jar:/Users/Justin/.m2/repository/org/wildfly/client/wildfly-client-config/1.0.0.Final/wildfly-client-config-1.0.0.Final.jar:/Users/Justin/.m2/repository/org/jboss/spec/javax/resource/jboss-connector-api_1.7_spec/1.0.1.Final/jboss-connector-api_1.7_spec-1.0.1.Final.jar:/Users/Justin/.m2/repository/org/wildfly/wildfly-http-client/wildfly-http-ejb-client/1.0.12.Final/wildfly-http-ejb-client-1.0.12.Final.jar:/Users/Justin/.m2/repository/org/wildfly/wildfly-http-client/wildfly-http-client-common/1.0.12.Final/wildfly-http-client-common-1.0.12.Final.jar:/Users/Justin/.m2/repository/org/wildfly/wildfly-http-client/wildfly-http-naming-client/1.0.12.Final/wildfly-http-naming-client-1.0.12.Final.jar:/Users/Justin/.m2/repository/org/wildfly/wildfly-http-client/wildfly-http-transaction-client/1.0.12.Final/wildfly-http-transaction-client-1.0.12.Final.jar:/Users/Justin/.m2/repository/io/undertow/undertow-core/2.0.3.Final/undertow-core-2.0.3.Final.jar:/Users/Justin/.m2/repository/commons-beanutils/commons-beanutils/1.9.3/commons-beanutils-1.9.3.jar:/Users/Justin/.m2/repository/commons-collections/commons-collections/3.2.2/commons-collections-3.2.2.jar:/Users/Justin/.m2/repository/io/netty/netty-all/4.1.9.Final/netty-all-4.1.9.Final.jar:/Users/Justin/.m2/repository/org/apache/activemq/artemis-commons/1.5.5.jbossorg-012/artemis-commons-1.5.5.jbossorg-012.jar:/Users/Justin/.m2/repository/org/apache/activemq/artemis-core-client/1.5.5.jbossorg-012/artemis-core-client-1.5.5.jbossorg-012.jar:/Users/Justin/.m2/repository/org/apache/activemq/artemis-hqclient-protocol/1.5.5.jbossorg-012/artemis-hqclient-protocol-1.5.5.jbossorg-012.jar:/Users/Justin/.m2/repository/org/apache/activemq/artemis-jms-client/1.5.5/artemis-jms-client-1.5.5.jar:/Users/Justin/.m2/repository/org/apache/activemq/artemis-selector/1.5.5.jbossorg-012/artemis-selector-1.5.5.jbossorg-012.jar:/Users/Justin/.m2/repository/org/glassfish/javax.json/1.1.2/javax.json-1.1.2.jar:/Users/Justin/.m2/repository/javax/json/javax.json-api/1.1.2/javax.json-api-1.1.2.jar:/Users/Justin/.m2/repository/org/jboss/spec/javax/jms/jboss-jms-api_2.0_spec/1.0.2.Final/jboss-jms-api_2.0_spec-1.0.2.Final.jar:/Users/Justin/.m2/repository/org/jgroups/jgroups/4.0.11.Final/jgroups-4.0.11.Final.jar:/Users/Justin/.m2/repository/org/slf4j/jcl-over-slf4j/1.7.22.jbossorg-1/jcl-over-slf4j-1.7.22.jbossorg-1.jar:/Users/Justin/.m2/repository/com/google/guava/guava/25.0-jre/guava-25.0-jre.jar:/Users/Justin/.m2/repository/org/checkerframework/checker-compat-qual/2.0.0/checker-compat-qual-2.0.0.jar:/Users/Justin/.m2/repository/com/google/errorprone/error_prone_annotations/2.1.3/error_prone_annotations-2.1.3.jar:/Users/Justin/.m2/repository/com/google/j2objc/j2objc-annotations/1.1/j2objc-annotations-1.1.jar:/Users/Justin/.m2/repository/org/codehaus/mojo/animal-sniffer-annotations/1.14/animal-sniffer-annotations-1.14.jar:/Users/Justin/.m2/repository/com/h2database/h2/1.4.197/h2-1.4.197.jar:"/>
    <property name="sun.cpu.endian" value="little"/>
    <property name="user.home" value="/Users/Justin"/>
    <property name="user.language" value="en"/>
    <property name="java.specification.vendor" value="Oracle Corporation"/>
    <property name="java.home" value="/Library/Java/JavaVirtualMachines/jdk1.8.0_181.jdk/Contents/Home/jre"/>
    <property name="basedir" value="/Users/Justin/git/ejava-student/ejb/ejb-jpa/jpatickets-lab/jpatickets-labex/jpatickets-labex-test"/>
    <property name="file.separator" value="/"/>
    <property name="line.separator" value="&#10;"/>
    <property name="java.vm.specification.vendor" value="Oracle Corporation"/>
    <property name="java.specification.name" value="Java Platform API Specification"/>
    <property name="java.awt.graphicsenv" value="sun.awt.CGraphicsEnvironment"/>
    <property name="surefire.real.class.path" value="/Users/Justin/git/ejava-student/ejb/ejb-jpa/jpatickets-lab/jpatickets-labex/jpatickets-labex-test/target/surefire/surefirebooter7104392252793945322.jar"/>
    <property name="javax.net.ssl.trustStore" value="/Users/Justin/wildfly-13.0.0.Final/standalone/configuration/application.keystore"/>
    <property name="sun.boot.class.path" value="/Library/Java/JavaVirtualMachines/jdk1.8.0_181.jdk/Contents/Home/jre/lib/resources.jar:/Library/Java/JavaVirtualMachines/jdk1.8.0_181.jdk/Contents/Home/jre/lib/rt.jar:/Library/Java/JavaVirtualMachines/jdk1.8.0_181.jdk/Contents/Home/jre/lib/sunrsasign.jar:/Library/Java/JavaVirtualMachines/jdk1.8.0_181.jdk/Contents/Home/jre/lib/jsse.jar:/Library/Java/JavaVirtualMachines/jdk1.8.0_181.jdk/Contents/Home/jre/lib/jce.jar:/Library/Java/JavaVirtualMachines/jdk1.8.0_181.jdk/Contents/Home/jre/lib/charsets.jar:/Library/Java/JavaVirtualMachines/jdk1.8.0_181.jdk/Contents/Home/jre/lib/jfr.jar:/Library/Java/JavaVirtualMachines/jdk1.8.0_181.jdk/Contents/Home/jre/classes"/>
    <property name="sun.management.compiler" value="HotSpot 64-Bit Tiered Compilers"/>
    <property name="ftp.nonProxyHosts" value="local|*.local|169.254/16|*.169.254/16"/>
    <property name="java.runtime.version" value="1.8.0_181-b13"/>
    <property name="user.name" value="Justin"/>
    <property name="path.separator" value=":"/>
    <property name="os.version" value="10.14.1"/>
    <property name="java.endorsed.dirs" value="/Library/Java/JavaVirtualMachines/jdk1.8.0_181.jdk/Contents/Home/jre/lib/endorsed"/>
    <property name="java.runtime.name" value="Java(TM) SE Runtime Environment"/>
    <property name="file.encoding" value="UTF-8"/>
    <property name="java.vm.name" value="Java HotSpot(TM) 64-Bit Server VM"/>
    <property name="localRepository" value="/Users/Justin/.m2/repository"/>
    <property name="java.vendor.url.bug" value="http://bugreport.sun.com/bugreport/"/>
    <property name="java.io.tmpdir" value="/var/folders/66/64q_n7yx4psckm22byhnc42c0000gn/T/"/>
    <property name="java.version" value="1.8.0_181"/>
    <property name="user.dir" value="/Users/Justin/git/ejava-student/ejb/ejb-jpa/jpatickets-lab/jpatickets-labex/jpatickets-labex-test"/>
    <property name="os.arch" value="x86_64"/>
    <property name="java.vm.specification.name" value="Java Virtual Machine Specification"/>
    <property name="java.awt.printerjob" value="sun.lwawt.macosx.CPrinterJob"/>
    <property name="sun.os.patch.level" value="unknown"/>
    <property name="java.library.path" value="/Users/Justin/Library/Java/Extensions:/Library/Java/Extensions:/Network/Library/Java/Extensions:/System/Library/Java/Extensions:/usr/lib/java:."/>
    <property name="java.vm.info" value="mixed mode"/>
    <property name="java.vendor" value="Oracle Corporation"/>
    <property name="java.vm.version" value="25.181-b13"/>
    <property name="java.ext.dirs" value="/Users/Justin/Library/Java/Extensions:/Library/Java/JavaVirtualMachines/jdk1.8.0_181.jdk/Contents/Home/jre/lib/ext:/Library/Java/Extensions:/Network/Library/Java/Extensions:/System/Library/Java/Extensions:/usr/lib/java"/>
    <property name="sun.io.unicode.encoding" value="UnicodeBig"/>
    <property name="java.class.version" value="52.0"/>
    <property name="socksNonProxyHosts" value="local|*.local|169.254/16|*.169.254/16"/>
  </properties>
  <testcase name="eventSerializable" classname="org.myorg.jpatickets.ejbclient.EventMgmtIT" time="0">
    <skipped/>
  </testcase>
  <testcase name="eventCleansed" classname="org.myorg.jpatickets.ejbclient.EventMgmtIT" time="0">
    <skipped/>
  </testcase>
  <testcase name="eventFetchedDTO" classname="org.myorg.jpatickets.ejbclient.EventMgmtIT" time="0">
    <skipped/>
  </testcase>
  <testcase name="eventLazy" classname="org.myorg.jpatickets.ejbclient.EventMgmtIT" time="0">
    <skipped/>
  </testcase>
  <testcase name="eventFetchedMore" classname="org.myorg.jpatickets.ejbclient.EventMgmtIT" time="0">
    <skipped/>
  </testcase>
  <testcase name="eventFetchedSome" classname="org.myorg.jpatickets.ejbclient.EventMgmtIT" time="0">
    <skipped/>
  </testcase>
  <testcase name="eventLazyDTO" classname="org.myorg.jpatickets.ejbclient.EventMgmtIT" time="0">
    <skipped/>
  </testcase>
  <testcase name="eventTouchedMore" classname="org.myorg.jpatickets.ejbclient.EventMgmtIT" time="0">
    <skipped/>
  </testcase>
  <testcase name="eventTouchedSome" classname="org.myorg.jpatickets.ejbclient.EventMgmtIT" time="0">
    <skipped/>
  </testcase>
</testsuite>